<?xml version="1.0" encoding="UTF-8"?>
<testng-results skipped="0" failed="1" total="1" passed="0">
  <reporter-output>
  </reporter-output>
  <suite name="Default suite" duration-ms="99275" started-at="2021-12-29T09:46:05Z" finished-at="2021-12-29T09:47:44Z">
    <groups>
    </groups>
    <test name="Default test" duration-ms="99275" started-at="2021-12-29T09:46:05Z" finished-at="2021-12-29T09:47:44Z">
      <class name="com.wns.tests.MoneycorpTest">
        <test-method status="FAIL" signature="testForeignExchangeSoolutions()[pri:0, instance:com.wns.tests.MoneycorpTest@794cb805]" name="testForeignExchangeSoolutions" duration-ms="95079" started-at="2021-12-29T15:16:05Z" finished-at="2021-12-29T15:17:40Z">
          <exception class="org.openqa.selenium.TimeoutException">
            <message>
              <![CDATA[Expected condition failed: waiting for visibility of [[ChromeDriver: chrome on WINDOWS (be3b98523afcc5716baabfd7fba59993)] -> xpath: //input[@id='nav_search']] (tried for 30 second(s) with 500 MILLISECONDS interval)
Build info: version: '3.6.0', revision: '6fbf3ec767', time: '2017-09-27T15:28:36.4Z'
System info: host: 'BA-000113801', ip: '192.168.1.10', os.name: 'Windows 10', os.arch: 'amd64', os.version: '10.0', java.version: '1.8.0_291'
Driver info: org.openqa.selenium.chrome.ChromeDriver
Capabilities [{networkConnectionEnabled=false, chrome={chromedriverVersion=95.0.4638.69 (6a1600ed572fedecd573b6c2b90a22fe6392a410-refs/branch-heads/4638@{#984}), userDataDir=C:\Users\MOHAMM~1.WAS\AppData\Local\Temp\scoped_dir6364_1233606188}, timeouts={implicit=0, pageLoad=300000, script=30000}, pageLoadStrategy=normal, unhandledPromptBehavior=dismiss and notify, strictFileInteractability=false, platform=WINDOWS, proxy=Proxy(), goog:chromeOptions={debuggerAddress=localhost:61808}, webauthn:extension:credBlob=true, acceptInsecureCerts=false, browserVersion=96.0.4664.110, browserName=chrome, javascriptEnabled=true, platformName=WINDOWS, setWindowRect=true, webauthn:extension:largeBlob=true, webauthn:virtualAuthenticators=true}]
Session ID: be3b98523afcc5716baabfd7fba59993]]>
            </message>
            <full-stacktrace>
              <![CDATA[org.openqa.selenium.TimeoutException: Expected condition failed: waiting for visibility of [[ChromeDriver: chrome on WINDOWS (be3b98523afcc5716baabfd7fba59993)] -> xpath: //input[@id='nav_search']] (tried for 30 second(s) with 500 MILLISECONDS interval)
Build info: version: '3.6.0', revision: '6fbf3ec767', time: '2017-09-27T15:28:36.4Z'
System info: host: 'BA-000113801', ip: '192.168.1.10', os.name: 'Windows 10', os.arch: 'amd64', os.version: '10.0', java.version: '1.8.0_291'
Driver info: org.openqa.selenium.chrome.ChromeDriver
Capabilities [{networkConnectionEnabled=false, chrome={chromedriverVersion=95.0.4638.69 (6a1600ed572fedecd573b6c2b90a22fe6392a410-refs/branch-heads/4638@{#984}), userDataDir=C:\Users\MOHAMM~1.WAS\AppData\Local\Temp\scoped_dir6364_1233606188}, timeouts={implicit=0, pageLoad=300000, script=30000}, pageLoadStrategy=normal, unhandledPromptBehavior=dismiss and notify, strictFileInteractability=false, platform=WINDOWS, proxy=Proxy(), goog:chromeOptions={debuggerAddress=localhost:61808}, webauthn:extension:credBlob=true, acceptInsecureCerts=false, browserVersion=96.0.4664.110, browserName=chrome, javascriptEnabled=true, platformName=WINDOWS, setWindowRect=true, webauthn:extension:largeBlob=true, webauthn:virtualAuthenticators=true}]
Session ID: be3b98523afcc5716baabfd7fba59993
	at org.openqa.selenium.support.ui.WebDriverWait.timeoutException(WebDriverWait.java:82)
	at org.openqa.selenium.support.ui.FluentWait.until(FluentWait.java:231)
	at com.ui.utils.BaseSteps.waitTillElementVisible(BaseSteps.java:24)
	at com.wns.pages.MoneycorpUSEnglishPage.typeSearch(MoneycorpUSEnglishPage.java:49)
	at com.wns.tests.MoneycorpTest.testForeignExchangeSoolutions(MoneycorpTest.java:24)
	at sun.reflect.NativeMethodAccessorImpl.invoke0(Native Method)
	at sun.reflect.NativeMethodAccessorImpl.invoke(NativeMethodAccessorImpl.java:62)
	at sun.reflect.DelegatingMethodAccessorImpl.invoke(DelegatingMethodAccessorImpl.java:43)
	at java.lang.reflect.Method.invoke(Method.java:498)
	at org.testng.internal.MethodInvocationHelper.invokeMethod(MethodInvocationHelper.java:84)
	at org.testng.internal.Invoker.invokeMethod(Invoker.java:714)
	at org.testng.internal.Invoker.invokeTestMethod(Invoker.java:901)
	at org.testng.internal.Invoker.invokeTestMethods(Invoker.java:1231)
	at org.testng.internal.TestMethodWorker.invokeTestMethods(TestMethodWorker.java:127)
	at org.testng.internal.TestMethodWorker.run(TestMethodWorker.java:111)
	at org.testng.TestRunner.privateRun(TestRunner.java:767)
	at org.testng.TestRunner.run(TestRunner.java:617)
	at org.testng.SuiteRunner.runTest(SuiteRunner.java:334)
	at org.testng.SuiteRunner.runSequentially(SuiteRunner.java:329)
	at org.testng.SuiteRunner.privateRun(SuiteRunner.java:291)
	at org.testng.SuiteRunner.run(SuiteRunner.java:240)
	at org.testng.SuiteRunnerWorker.runSuite(SuiteRunnerWorker.java:52)
	at org.testng.SuiteRunnerWorker.run(SuiteRunnerWorker.java:86)
	at org.testng.TestNG.runSuitesSequentially(TestNG.java:1224)
	at org.testng.TestNG.runSuitesLocally(TestNG.java:1149)
	at org.testng.TestNG.run(TestNG.java:1057)
	at org.testng.remote.AbstractRemoteTestNG.run(AbstractRemoteTestNG.java:115)
	at org.testng.remote.RemoteTestNG.initAndRun(RemoteTestNG.java:251)
	at org.testng.remote.RemoteTestNG.main(RemoteTestNG.java:77)
]]>
            </full-stacktrace>
          </exception> <!-- org.openqa.selenium.TimeoutException -->
          <reporter-output>
          </reporter-output>
        </test-method> <!-- testForeignExchangeSoolutions -->
        <test-method status="PASS" signature="afterMethod()[pri:0, instance:com.wns.tests.MoneycorpTest@794cb805]" name="afterMethod" is-config="true" duration-ms="4183" started-at="2021-12-29T15:17:40Z" finished-at="2021-12-29T15:17:44Z">
          <reporter-output>
          </reporter-output>
        </test-method> <!-- afterMethod -->
      </class> <!-- com.wns.tests.MoneycorpTest -->
    </test> <!-- Default test -->
  </suite> <!-- Default suite -->
</testng-results>
